{"name":"test01_GetCorrectData","id":"com.getrequest.junit.Assignment1_Test:test01_GetCorrectData","testCaseName":"com.getrequest.junit.Assignment1_Test","testSteps":[{"number":1,"description":"Pass get request: /country/get/iso2code/IN","duration":6832,"startTime":"2018-12-10T18:14:03.946+05:30[Asia/Calcutta]","result":"SUCCESS","precondition":false,"children":[{"number":2,"description":"GET http://www.groupkt.com/country/get/iso2code/IN\r\r","duration":2,"startTime":"2018-12-10T18:14:10.749+05:30[Asia/Calcutta]","result":"SUCCESS","restQuery":{"method":"GET","path":"http://www.groupkt.com/country/get/iso2code/IN\r\r","content":"\r","contentType":"application/json","requestHeaders":"Accept\u003d*/*\r\n\t\t\t\tContent-Type\u003dapplication/json; charset\u003dUTF-8\r\r","requestCookies":"\r\r","responseHeaders":"Date: Mon, 10 Dec 2018 12:44:10 GMT\nServer: Apache/2.4.25 (Debian)\nContent-Length: 307\nConnection: close\nContent-Type: text/html; charset\u003diso-8859-1\r","responseCookies":"\r","responseBody":"\u003chtml\u003e\n  \u003chead\u003e\n    \u003ctitle\u003e400 Bad Request\u003c/title\u003e\n  \u003c/head\u003e\n  \u003cbody\u003e\n    \u003ch1\u003eBad Request\u003c/h1\u003e\n    \u003cp\u003e\nYour browser sent a request that this server could not understand.      \u003cbr clear\u003d\"none\"/\u003e\n    \u003c/p\u003e\n    \u003chr/\u003e\n    \u003caddress\u003eApache/2.4.25 (Debian) Server at www.groupkt.com Port 80\u003c/address\u003e\n  \u003c/body\u003e\n\u003c/html\u003e","statusCode":400},"precondition":false}]}],"userStory":{"id":"com.getrequest.junit.Assignment1_Test","storyName":"Assignment1  test","storyClassName":"com.getrequest.junit.Assignment1_Test","path":"com.getrequest.junit","type":"story"},"featureTag":{"name":"Junit/Assignment1  test","type":"story"},"title":"REST web-service to search country by 2 character alphanumeric ISO code","tags":[{"name":"Junit/Assignment1  test","type":"story"}],"startTime":"2018-12-10T18:14:03.657+05:30[Asia/Calcutta]","duration":7257,"testFailureCause":{"errorType":"java.lang.AssertionError","message":"1 expectation failed.\nExpected status code \u003c200\u003e but was \u003c400\u003e.\n","stackTrace":[{"declaringClass":"io.restassured.internal.ResponseSpecificationImpl","methodName":"validateResponseIfRequired","fileName":"ResponseSpecificationImpl.groovy","lineNumber":643},{"declaringClass":"io.restassured.internal.ResponseSpecificationImpl","methodName":"statusCode","fileName":"ResponseSpecificationImpl.groovy","lineNumber":122},{"declaringClass":"io.restassured.internal.ResponseSpecificationImpl","methodName":"statusCode","fileName":"ResponseSpecificationImpl.groovy","lineNumber":130},{"declaringClass":"io.restassured.internal.ValidatableResponseOptionsImpl","methodName":"statusCode","fileName":"ValidatableResponseOptionsImpl.java","lineNumber":117},{"declaringClass":"com.getrequest.junit.Assignment1_Test","methodName":"test01_GetCorrectData","fileName":"Assignment1_Test.java","lineNumber":35},{"declaringClass":"org.eclipse.jdt.internal.junit4.runner.JUnit4TestReference","methodName":"run","fileName":"JUnit4TestReference.java","lineNumber":86},{"declaringClass":"org.eclipse.jdt.internal.junit.runner.TestExecution","methodName":"run","fileName":"TestExecution.java","lineNumber":38},{"declaringClass":"org.eclipse.jdt.internal.junit.runner.RemoteTestRunner","methodName":"runTests","fileName":"RemoteTestRunner.java","lineNumber":459},{"declaringClass":"org.eclipse.jdt.internal.junit.runner.RemoteTestRunner","methodName":"runTests","fileName":"RemoteTestRunner.java","lineNumber":678},{"declaringClass":"org.eclipse.jdt.internal.junit.runner.RemoteTestRunner","methodName":"run","fileName":"RemoteTestRunner.java","lineNumber":382},{"declaringClass":"org.eclipse.jdt.internal.junit.runner.RemoteTestRunner","methodName":"main","fileName":"RemoteTestRunner.java","lineNumber":192}]},"testFailureClassname":"java.lang.AssertionError","testFailureMessage":"1 expectation failed.\nExpected status code \u003c200\u003e but was \u003c400\u003e.\n","testFailureSummary":"FAILURE;java.lang.AssertionError;1 expectation failed.\nExpected status code \u003c200\u003e but was \u003c400\u003e.\n;ResponseSpecificationImpl.groovy","projectKey":"","annotatedResult":"FAILURE","manual":false,"testSource":"JUnit","result":"FAILURE"}